2017-03-19 18:53:08,926 [Test worker] INFO  org.springframework.test.context.support.DefaultTestContextBootstrapper - Loaded default TestExecutionListener class names from location [META-INF/spring.factories]: [org.springframework.test.context.web.ServletTestExecutionListener, org.springframework.test.context.support.DirtiesContextBeforeModesTestExecutionListener, org.springframework.test.context.support.DependencyInjectionTestExecutionListener, org.springframework.test.context.support.DirtiesContextTestExecutionListener, org.springframework.test.context.transaction.TransactionalTestExecutionListener, org.springframework.test.context.jdbc.SqlScriptsTestExecutionListener]
2017-03-19 18:53:08,987 [Test worker] INFO  org.springframework.test.context.support.DefaultTestContextBootstrapper - Using TestExecutionListeners: [org.springframework.test.context.web.ServletTestExecutionListener@24631a63, org.springframework.test.context.support.DirtiesContextBeforeModesTestExecutionListener@253692ef, org.springframework.test.context.support.DependencyInjectionTestExecutionListener@369b7a8e, org.springframework.test.context.support.DirtiesContextTestExecutionListener@63911f7, org.springframework.test.context.transaction.TransactionalTestExecutionListener@3a35b351, org.springframework.test.context.jdbc.SqlScriptsTestExecutionListener@2b05ff12]
2017-03-19 18:53:09,129 [Test worker] INFO  org.springframework.beans.factory.xml.XmlBeanDefinitionReader - Loading XML bean definitions from class path resource [service-context-test.xml]
2017-03-19 18:53:09,947 [Test worker] INFO  org.springframework.context.support.GenericApplicationContext - Refreshing org.springframework.context.support.GenericApplicationContext@826577e: startup date [Sun Mar 19 18:53:09 MSK 2017]; root of context hierarchy
2017-03-19 18:53:10,223 [Test worker] INFO  org.springframework.context.support.PropertySourcesPlaceholderConfigurer - Loading properties file from class path resource [testdatabase.properties]
2017-03-19 18:53:10,611 [Test worker] INFO  org.springframework.orm.jpa.LocalContainerEntityManagerFactoryBean - Building JPA container EntityManagerFactory for persistence unit 'default'
2017-03-19 18:53:10,665 [Test worker] INFO  org.hibernate.jpa.internal.util.LogHelper - HHH000204: Processing PersistenceUnitInfo [
	name: default
	...]
2017-03-19 18:53:10,905 [Test worker] INFO  org.hibernate.Version - HHH000412: Hibernate Core {4.3.11.Final}
2017-03-19 18:53:10,912 [Test worker] INFO  org.hibernate.cfg.Environment - HHH000206: hibernate.properties not found
2017-03-19 18:53:10,917 [Test worker] INFO  org.hibernate.cfg.Environment - HHH000021: Bytecode provider name : javassist
2017-03-19 18:53:11,445 [Test worker] INFO  org.hibernate.annotations.common.Version - HCANN000001: Hibernate Commons Annotations {4.0.5.Final}
2017-03-19 18:53:12,527 [Test worker] INFO  org.hibernate.dialect.Dialect - HHH000400: Using dialect: org.hibernate.dialect.PostgreSQL9Dialect
2017-03-19 18:53:12,553 [Test worker] INFO  org.hibernate.engine.jdbc.internal.LobCreatorBuilder - HHH000424: Disabling contextual LOB creation as createClob() method threw error : java.lang.reflect.InvocationTargetException
2017-03-19 18:53:12,824 [Test worker] INFO  org.hibernate.hql.internal.ast.ASTQueryTranslatorFactory - HHH000397: Using ASTQueryTranslatorFactory
2017-03-19 18:53:15,150 [Test worker] INFO  org.springframework.test.context.support.DefaultTestContextBootstrapper - Loaded default TestExecutionListener class names from location [META-INF/spring.factories]: [org.springframework.test.context.web.ServletTestExecutionListener, org.springframework.test.context.support.DirtiesContextBeforeModesTestExecutionListener, org.springframework.test.context.support.DependencyInjectionTestExecutionListener, org.springframework.test.context.support.DirtiesContextTestExecutionListener, org.springframework.test.context.transaction.TransactionalTestExecutionListener, org.springframework.test.context.jdbc.SqlScriptsTestExecutionListener]
2017-03-19 18:53:15,151 [Test worker] INFO  org.springframework.test.context.support.DefaultTestContextBootstrapper - Using TestExecutionListeners: [org.springframework.test.context.web.ServletTestExecutionListener@5420c21f, org.springframework.test.context.support.DirtiesContextBeforeModesTestExecutionListener@54b0854e, org.springframework.test.context.support.DependencyInjectionTestExecutionListener@53265677, org.springframework.test.context.support.DirtiesContextTestExecutionListener@3af18940, org.springframework.test.context.transaction.TransactionalTestExecutionListener@6893943b, org.springframework.test.context.jdbc.SqlScriptsTestExecutionListener@38d9e692]
2017-03-19 18:53:15,341 [Test worker] INFO  org.springframework.test.context.support.DefaultTestContextBootstrapper - Loaded default TestExecutionListener class names from location [META-INF/spring.factories]: [org.springframework.test.context.web.ServletTestExecutionListener, org.springframework.test.context.support.DirtiesContextBeforeModesTestExecutionListener, org.springframework.test.context.support.DependencyInjectionTestExecutionListener, org.springframework.test.context.support.DirtiesContextTestExecutionListener, org.springframework.test.context.transaction.TransactionalTestExecutionListener, org.springframework.test.context.jdbc.SqlScriptsTestExecutionListener]
2017-03-19 18:53:15,342 [Test worker] INFO  org.springframework.test.context.support.DefaultTestContextBootstrapper - Using TestExecutionListeners: [org.springframework.test.context.web.ServletTestExecutionListener@1f29432f, org.springframework.test.context.support.DirtiesContextBeforeModesTestExecutionListener@6b7d7acb, org.springframework.test.context.support.DependencyInjectionTestExecutionListener@3205890c, org.springframework.test.context.support.DirtiesContextTestExecutionListener@4655d34f, org.springframework.test.context.transaction.TransactionalTestExecutionListener@1330d091, org.springframework.test.context.jdbc.SqlScriptsTestExecutionListener@139b5b1e]
2017-03-19 18:53:15,676 [Test worker] INFO  org.springframework.test.context.support.DefaultTestContextBootstrapper - Loaded default TestExecutionListener class names from location [META-INF/spring.factories]: [org.springframework.test.context.web.ServletTestExecutionListener, org.springframework.test.context.support.DirtiesContextBeforeModesTestExecutionListener, org.springframework.test.context.support.DependencyInjectionTestExecutionListener, org.springframework.test.context.support.DirtiesContextTestExecutionListener, org.springframework.test.context.transaction.TransactionalTestExecutionListener, org.springframework.test.context.jdbc.SqlScriptsTestExecutionListener]
2017-03-19 18:53:15,677 [Test worker] INFO  org.springframework.test.context.support.DefaultTestContextBootstrapper - Using TestExecutionListeners: [org.springframework.test.context.web.ServletTestExecutionListener@155ae22d, org.springframework.test.context.support.DirtiesContextBeforeModesTestExecutionListener@5ea13ce, org.springframework.test.context.support.DependencyInjectionTestExecutionListener@39d2e42c, org.springframework.test.context.support.DirtiesContextTestExecutionListener@582efee5, org.springframework.test.context.transaction.TransactionalTestExecutionListener@1a272447, org.springframework.test.context.jdbc.SqlScriptsTestExecutionListener@4f0620ae]
2017-03-19 18:53:15,765 [Test worker] INFO  org.springframework.test.context.support.DefaultTestContextBootstrapper - Loaded default TestExecutionListener class names from location [META-INF/spring.factories]: [org.springframework.test.context.web.ServletTestExecutionListener, org.springframework.test.context.support.DirtiesContextBeforeModesTestExecutionListener, org.springframework.test.context.support.DependencyInjectionTestExecutionListener, org.springframework.test.context.support.DirtiesContextTestExecutionListener, org.springframework.test.context.transaction.TransactionalTestExecutionListener, org.springframework.test.context.jdbc.SqlScriptsTestExecutionListener]
2017-03-19 18:53:15,766 [Test worker] INFO  org.springframework.test.context.support.DefaultTestContextBootstrapper - Using TestExecutionListeners: [org.springframework.test.context.web.ServletTestExecutionListener@43eef5a1, org.springframework.test.context.support.DirtiesContextBeforeModesTestExecutionListener@91f0d7e, org.springframework.test.context.support.DependencyInjectionTestExecutionListener@1fa11766, org.springframework.test.context.support.DirtiesContextTestExecutionListener@7245571, org.springframework.test.context.transaction.TransactionalTestExecutionListener@33d3ebc9, org.springframework.test.context.jdbc.SqlScriptsTestExecutionListener@42d67430]
2017-03-19 18:53:16,059 [Thread-4] INFO  org.springframework.context.support.GenericApplicationContext - Closing org.springframework.context.support.GenericApplicationContext@826577e: startup date [Sun Mar 19 18:53:09 MSK 2017]; root of context hierarchy
2017-03-19 18:53:16,077 [Thread-4] INFO  org.springframework.orm.jpa.LocalContainerEntityManagerFactoryBean - Closing JPA EntityManagerFactory for persistence unit 'default'
2017-03-19 18:58:23,935 [main] INFO  org.springframework.test.context.support.DefaultTestContextBootstrapper - Loaded default TestExecutionListener class names from location [META-INF/spring.factories]: [org.springframework.test.context.web.ServletTestExecutionListener, org.springframework.test.context.support.DirtiesContextBeforeModesTestExecutionListener, org.springframework.test.context.support.DependencyInjectionTestExecutionListener, org.springframework.test.context.support.DirtiesContextTestExecutionListener, org.springframework.test.context.transaction.TransactionalTestExecutionListener, org.springframework.test.context.jdbc.SqlScriptsTestExecutionListener]
2017-03-19 18:58:23,973 [main] INFO  org.springframework.test.context.support.DefaultTestContextBootstrapper - Using TestExecutionListeners: [org.springframework.test.context.web.ServletTestExecutionListener@37374a5e, org.springframework.test.context.support.DirtiesContextBeforeModesTestExecutionListener@4671e53b, org.springframework.test.context.support.DependencyInjectionTestExecutionListener@2db7a79b, org.springframework.test.context.support.DirtiesContextTestExecutionListener@6950e31, org.springframework.test.context.transaction.TransactionalTestExecutionListener@b7dd107, org.springframework.test.context.jdbc.SqlScriptsTestExecutionListener@42eca56e]
2017-03-19 18:58:24,086 [main] INFO  org.springframework.beans.factory.xml.XmlBeanDefinitionReader - Loading XML bean definitions from class path resource [service-context-test.xml]
2017-03-19 18:58:24,787 [main] INFO  org.springframework.context.support.GenericApplicationContext - Refreshing org.springframework.context.support.GenericApplicationContext@587c290d: startup date [Sun Mar 19 18:58:24 MSK 2017]; root of context hierarchy
2017-03-19 18:58:25,023 [main] INFO  org.springframework.context.support.PropertySourcesPlaceholderConfigurer - Loading properties file from class path resource [testdatabase.properties]
2017-03-19 18:58:25,412 [main] INFO  org.springframework.orm.jpa.LocalContainerEntityManagerFactoryBean - Building JPA container EntityManagerFactory for persistence unit 'default'
2017-03-19 18:58:25,450 [main] INFO  org.hibernate.jpa.internal.util.LogHelper - HHH000204: Processing PersistenceUnitInfo [
	name: default
	...]
2017-03-19 18:58:25,672 [main] INFO  org.hibernate.Version - HHH000412: Hibernate Core {4.3.11.Final}
2017-03-19 18:58:25,677 [main] INFO  org.hibernate.cfg.Environment - HHH000206: hibernate.properties not found
2017-03-19 18:58:25,682 [main] INFO  org.hibernate.cfg.Environment - HHH000021: Bytecode provider name : javassist
2017-03-19 18:58:26,139 [main] INFO  org.hibernate.annotations.common.Version - HCANN000001: Hibernate Commons Annotations {4.0.5.Final}
2017-03-19 18:58:26,931 [main] INFO  org.hibernate.dialect.Dialect - HHH000400: Using dialect: org.hibernate.dialect.PostgreSQL9Dialect
2017-03-19 18:58:26,950 [main] INFO  org.hibernate.engine.jdbc.internal.LobCreatorBuilder - HHH000424: Disabling contextual LOB creation as createClob() method threw error : java.lang.reflect.InvocationTargetException
2017-03-19 18:58:27,303 [main] INFO  org.hibernate.hql.internal.ast.ASTQueryTranslatorFactory - HHH000397: Using ASTQueryTranslatorFactory
2017-03-19 18:58:30,333 [Thread-1] INFO  org.springframework.context.support.GenericApplicationContext - Closing org.springframework.context.support.GenericApplicationContext@587c290d: startup date [Sun Mar 19 18:58:24 MSK 2017]; root of context hierarchy
2017-03-19 18:58:30,354 [Thread-1] INFO  org.springframework.orm.jpa.LocalContainerEntityManagerFactoryBean - Closing JPA EntityManagerFactory for persistence unit 'default'
2017-03-19 18:59:31,271 [main] INFO  org.springframework.test.context.support.DefaultTestContextBootstrapper - Loaded default TestExecutionListener class names from location [META-INF/spring.factories]: [org.springframework.test.context.web.ServletTestExecutionListener, org.springframework.test.context.support.DirtiesContextBeforeModesTestExecutionListener, org.springframework.test.context.support.DependencyInjectionTestExecutionListener, org.springframework.test.context.support.DirtiesContextTestExecutionListener, org.springframework.test.context.transaction.TransactionalTestExecutionListener, org.springframework.test.context.jdbc.SqlScriptsTestExecutionListener]
2017-03-19 18:59:31,300 [main] INFO  org.springframework.test.context.support.DefaultTestContextBootstrapper - Using TestExecutionListeners: [org.springframework.test.context.web.ServletTestExecutionListener@37374a5e, org.springframework.test.context.support.DirtiesContextBeforeModesTestExecutionListener@4671e53b, org.springframework.test.context.support.DependencyInjectionTestExecutionListener@2db7a79b, org.springframework.test.context.support.DirtiesContextTestExecutionListener@6950e31, org.springframework.test.context.transaction.TransactionalTestExecutionListener@b7dd107, org.springframework.test.context.jdbc.SqlScriptsTestExecutionListener@42eca56e]
2017-03-19 18:59:31,413 [main] INFO  org.springframework.beans.factory.xml.XmlBeanDefinitionReader - Loading XML bean definitions from class path resource [service-context-test.xml]
2017-03-19 18:59:32,037 [main] INFO  org.springframework.context.support.GenericApplicationContext - Refreshing org.springframework.context.support.GenericApplicationContext@587c290d: startup date [Sun Mar 19 18:59:32 MSK 2017]; root of context hierarchy
2017-03-19 18:59:32,315 [main] INFO  org.springframework.context.support.PropertySourcesPlaceholderConfigurer - Loading properties file from class path resource [testdatabase.properties]
2017-03-19 18:59:32,716 [main] INFO  org.springframework.orm.jpa.LocalContainerEntityManagerFactoryBean - Building JPA container EntityManagerFactory for persistence unit 'default'
2017-03-19 18:59:32,752 [main] INFO  org.hibernate.jpa.internal.util.LogHelper - HHH000204: Processing PersistenceUnitInfo [
	name: default
	...]
2017-03-19 18:59:32,952 [main] INFO  org.hibernate.Version - HHH000412: Hibernate Core {4.3.11.Final}
2017-03-19 18:59:32,956 [main] INFO  org.hibernate.cfg.Environment - HHH000206: hibernate.properties not found
2017-03-19 18:59:32,959 [main] INFO  org.hibernate.cfg.Environment - HHH000021: Bytecode provider name : javassist
2017-03-19 18:59:33,336 [main] INFO  org.hibernate.annotations.common.Version - HCANN000001: Hibernate Commons Annotations {4.0.5.Final}
2017-03-19 18:59:34,096 [main] INFO  org.hibernate.dialect.Dialect - HHH000400: Using dialect: org.hibernate.dialect.PostgreSQL9Dialect
2017-03-19 18:59:34,116 [main] INFO  org.hibernate.engine.jdbc.internal.LobCreatorBuilder - HHH000424: Disabling contextual LOB creation as createClob() method threw error : java.lang.reflect.InvocationTargetException
2017-03-19 18:59:34,396 [main] INFO  org.hibernate.hql.internal.ast.ASTQueryTranslatorFactory - HHH000397: Using ASTQueryTranslatorFactory
2017-03-19 18:59:37,038 [Thread-1] INFO  org.springframework.context.support.GenericApplicationContext - Closing org.springframework.context.support.GenericApplicationContext@587c290d: startup date [Sun Mar 19 18:59:32 MSK 2017]; root of context hierarchy
2017-03-19 18:59:37,062 [Thread-1] INFO  org.springframework.orm.jpa.LocalContainerEntityManagerFactoryBean - Closing JPA EntityManagerFactory for persistence unit 'default'
2017-03-19 19:00:17,491 [main] INFO  org.springframework.test.context.support.DefaultTestContextBootstrapper - Loaded default TestExecutionListener class names from location [META-INF/spring.factories]: [org.springframework.test.context.web.ServletTestExecutionListener, org.springframework.test.context.support.DirtiesContextBeforeModesTestExecutionListener, org.springframework.test.context.support.DependencyInjectionTestExecutionListener, org.springframework.test.context.support.DirtiesContextTestExecutionListener, org.springframework.test.context.transaction.TransactionalTestExecutionListener, org.springframework.test.context.jdbc.SqlScriptsTestExecutionListener]
2017-03-19 19:00:17,526 [main] INFO  org.springframework.test.context.support.DefaultTestContextBootstrapper - Using TestExecutionListeners: [org.springframework.test.context.web.ServletTestExecutionListener@37374a5e, org.springframework.test.context.support.DirtiesContextBeforeModesTestExecutionListener@4671e53b, org.springframework.test.context.support.DependencyInjectionTestExecutionListener@2db7a79b, org.springframework.test.context.support.DirtiesContextTestExecutionListener@6950e31, org.springframework.test.context.transaction.TransactionalTestExecutionListener@b7dd107, org.springframework.test.context.jdbc.SqlScriptsTestExecutionListener@42eca56e]
2017-03-19 19:00:17,664 [main] INFO  org.springframework.beans.factory.xml.XmlBeanDefinitionReader - Loading XML bean definitions from class path resource [service-context-test.xml]
2017-03-19 19:00:18,307 [main] INFO  org.springframework.context.support.GenericApplicationContext - Refreshing org.springframework.context.support.GenericApplicationContext@587c290d: startup date [Sun Mar 19 19:00:18 MSK 2017]; root of context hierarchy
2017-03-19 19:00:18,538 [main] INFO  org.springframework.context.support.PropertySourcesPlaceholderConfigurer - Loading properties file from class path resource [testdatabase.properties]
2017-03-19 19:00:18,929 [main] INFO  org.springframework.orm.jpa.LocalContainerEntityManagerFactoryBean - Building JPA container EntityManagerFactory for persistence unit 'default'
2017-03-19 19:00:18,962 [main] INFO  org.hibernate.jpa.internal.util.LogHelper - HHH000204: Processing PersistenceUnitInfo [
	name: default
	...]
2017-03-19 19:00:19,128 [main] INFO  org.hibernate.Version - HHH000412: Hibernate Core {4.3.11.Final}
2017-03-19 19:00:19,133 [main] INFO  org.hibernate.cfg.Environment - HHH000206: hibernate.properties not found
2017-03-19 19:00:19,137 [main] INFO  org.hibernate.cfg.Environment - HHH000021: Bytecode provider name : javassist
2017-03-19 19:00:19,775 [main] INFO  org.hibernate.annotations.common.Version - HCANN000001: Hibernate Commons Annotations {4.0.5.Final}
2017-03-19 19:00:20,627 [main] INFO  org.hibernate.dialect.Dialect - HHH000400: Using dialect: org.hibernate.dialect.PostgreSQL9Dialect
2017-03-19 19:00:20,649 [main] INFO  org.hibernate.engine.jdbc.internal.LobCreatorBuilder - HHH000424: Disabling contextual LOB creation as createClob() method threw error : java.lang.reflect.InvocationTargetException
2017-03-19 19:00:20,982 [main] INFO  org.hibernate.hql.internal.ast.ASTQueryTranslatorFactory - HHH000397: Using ASTQueryTranslatorFactory
2017-03-19 19:00:23,521 [Thread-1] INFO  org.springframework.context.support.GenericApplicationContext - Closing org.springframework.context.support.GenericApplicationContext@587c290d: startup date [Sun Mar 19 19:00:18 MSK 2017]; root of context hierarchy
2017-03-19 19:00:23,540 [Thread-1] INFO  org.springframework.orm.jpa.LocalContainerEntityManagerFactoryBean - Closing JPA EntityManagerFactory for persistence unit 'default'
2017-03-19 19:00:57,735 [main] INFO  org.springframework.test.context.support.DefaultTestContextBootstrapper - Loaded default TestExecutionListener class names from location [META-INF/spring.factories]: [org.springframework.test.context.web.ServletTestExecutionListener, org.springframework.test.context.support.DirtiesContextBeforeModesTestExecutionListener, org.springframework.test.context.support.DependencyInjectionTestExecutionListener, org.springframework.test.context.support.DirtiesContextTestExecutionListener, org.springframework.test.context.transaction.TransactionalTestExecutionListener, org.springframework.test.context.jdbc.SqlScriptsTestExecutionListener]
2017-03-19 19:00:57,771 [main] INFO  org.springframework.test.context.support.DefaultTestContextBootstrapper - Using TestExecutionListeners: [org.springframework.test.context.web.ServletTestExecutionListener@37374a5e, org.springframework.test.context.support.DirtiesContextBeforeModesTestExecutionListener@4671e53b, org.springframework.test.context.support.DependencyInjectionTestExecutionListener@2db7a79b, org.springframework.test.context.support.DirtiesContextTestExecutionListener@6950e31, org.springframework.test.context.transaction.TransactionalTestExecutionListener@b7dd107, org.springframework.test.context.jdbc.SqlScriptsTestExecutionListener@42eca56e]
2017-03-19 19:00:57,899 [main] INFO  org.springframework.beans.factory.xml.XmlBeanDefinitionReader - Loading XML bean definitions from class path resource [service-context-test.xml]
2017-03-19 19:00:58,595 [main] INFO  org.springframework.context.support.GenericApplicationContext - Refreshing org.springframework.context.support.GenericApplicationContext@587c290d: startup date [Sun Mar 19 19:00:58 MSK 2017]; root of context hierarchy
2017-03-19 19:00:58,878 [main] INFO  org.springframework.context.support.PropertySourcesPlaceholderConfigurer - Loading properties file from class path resource [testdatabase.properties]
2017-03-19 19:00:59,261 [main] INFO  org.springframework.orm.jpa.LocalContainerEntityManagerFactoryBean - Building JPA container EntityManagerFactory for persistence unit 'default'
2017-03-19 19:00:59,295 [main] INFO  org.hibernate.jpa.internal.util.LogHelper - HHH000204: Processing PersistenceUnitInfo [
	name: default
	...]
2017-03-19 19:00:59,475 [main] INFO  org.hibernate.Version - HHH000412: Hibernate Core {4.3.11.Final}
2017-03-19 19:00:59,479 [main] INFO  org.hibernate.cfg.Environment - HHH000206: hibernate.properties not found
2017-03-19 19:00:59,483 [main] INFO  org.hibernate.cfg.Environment - HHH000021: Bytecode provider name : javassist
2017-03-19 19:00:59,838 [main] INFO  org.hibernate.annotations.common.Version - HCANN000001: Hibernate Commons Annotations {4.0.5.Final}
2017-03-19 19:01:00,702 [main] INFO  org.hibernate.dialect.Dialect - HHH000400: Using dialect: org.hibernate.dialect.PostgreSQL9Dialect
2017-03-19 19:01:00,729 [main] INFO  org.hibernate.engine.jdbc.internal.LobCreatorBuilder - HHH000424: Disabling contextual LOB creation as createClob() method threw error : java.lang.reflect.InvocationTargetException
2017-03-19 19:01:01,076 [main] INFO  org.hibernate.hql.internal.ast.ASTQueryTranslatorFactory - HHH000397: Using ASTQueryTranslatorFactory
2017-03-19 19:01:04,662 [Thread-1] INFO  org.springframework.context.support.GenericApplicationContext - Closing org.springframework.context.support.GenericApplicationContext@587c290d: startup date [Sun Mar 19 19:00:58 MSK 2017]; root of context hierarchy
2017-03-19 19:01:04,682 [Thread-1] INFO  org.springframework.orm.jpa.LocalContainerEntityManagerFactoryBean - Closing JPA EntityManagerFactory for persistence unit 'default'
2017-03-19 20:13:18,954 [Test worker] INFO  org.springframework.test.context.support.DefaultTestContextBootstrapper - Loaded default TestExecutionListener class names from location [META-INF/spring.factories]: [org.springframework.test.context.web.ServletTestExecutionListener, org.springframework.test.context.support.DirtiesContextBeforeModesTestExecutionListener, org.springframework.test.context.support.DependencyInjectionTestExecutionListener, org.springframework.test.context.support.DirtiesContextTestExecutionListener, org.springframework.test.context.transaction.TransactionalTestExecutionListener, org.springframework.test.context.jdbc.SqlScriptsTestExecutionListener]
2017-03-19 20:13:19,028 [Test worker] INFO  org.springframework.test.context.support.DefaultTestContextBootstrapper - Using TestExecutionListeners: [org.springframework.test.context.web.ServletTestExecutionListener@18dcfbc3, org.springframework.test.context.support.DirtiesContextBeforeModesTestExecutionListener@19cd9189, org.springframework.test.context.support.DependencyInjectionTestExecutionListener@39120c41, org.springframework.test.context.support.DirtiesContextTestExecutionListener@6da38fa3, org.springframework.test.context.transaction.TransactionalTestExecutionListener@12de7337, org.springframework.test.context.jdbc.SqlScriptsTestExecutionListener@67eaf93c]
2017-03-19 20:13:19,166 [Test worker] INFO  org.springframework.beans.factory.xml.XmlBeanDefinitionReader - Loading XML bean definitions from class path resource [service-context-test.xml]
2017-03-19 20:13:19,887 [Test worker] INFO  org.springframework.context.support.GenericApplicationContext - Refreshing org.springframework.context.support.GenericApplicationContext@52425f6f: startup date [Sun Mar 19 20:13:19 MSK 2017]; root of context hierarchy
2017-03-19 20:13:20,112 [Test worker] INFO  org.springframework.context.support.PropertySourcesPlaceholderConfigurer - Loading properties file from class path resource [testdatabase.properties]
2017-03-19 20:13:20,438 [Test worker] INFO  org.springframework.orm.jpa.LocalContainerEntityManagerFactoryBean - Building JPA container EntityManagerFactory for persistence unit 'default'
2017-03-19 20:13:20,489 [Test worker] INFO  org.hibernate.jpa.internal.util.LogHelper - HHH000204: Processing PersistenceUnitInfo [
	name: default
	...]
2017-03-19 20:13:20,655 [Test worker] INFO  org.hibernate.Version - HHH000412: Hibernate Core {4.3.11.Final}
2017-03-19 20:13:20,660 [Test worker] INFO  org.hibernate.cfg.Environment - HHH000206: hibernate.properties not found
2017-03-19 20:13:20,664 [Test worker] INFO  org.hibernate.cfg.Environment - HHH000021: Bytecode provider name : javassist
2017-03-19 20:13:21,063 [Test worker] INFO  org.hibernate.annotations.common.Version - HCANN000001: Hibernate Commons Annotations {4.0.5.Final}
2017-03-19 20:13:21,982 [Test worker] INFO  org.hibernate.dialect.Dialect - HHH000400: Using dialect: org.hibernate.dialect.PostgreSQL9Dialect
2017-03-19 20:13:22,022 [Test worker] INFO  org.hibernate.engine.jdbc.internal.LobCreatorBuilder - HHH000424: Disabling contextual LOB creation as createClob() method threw error : java.lang.reflect.InvocationTargetException
2017-03-19 20:13:22,347 [Test worker] INFO  org.hibernate.hql.internal.ast.ASTQueryTranslatorFactory - HHH000397: Using ASTQueryTranslatorFactory
2017-03-19 20:13:24,783 [Test worker] INFO  org.springframework.test.context.support.DefaultTestContextBootstrapper - Loaded default TestExecutionListener class names from location [META-INF/spring.factories]: [org.springframework.test.context.web.ServletTestExecutionListener, org.springframework.test.context.support.DirtiesContextBeforeModesTestExecutionListener, org.springframework.test.context.support.DependencyInjectionTestExecutionListener, org.springframework.test.context.support.DirtiesContextTestExecutionListener, org.springframework.test.context.transaction.TransactionalTestExecutionListener, org.springframework.test.context.jdbc.SqlScriptsTestExecutionListener]
2017-03-19 20:13:24,784 [Test worker] INFO  org.springframework.test.context.support.DefaultTestContextBootstrapper - Using TestExecutionListeners: [org.springframework.test.context.web.ServletTestExecutionListener@15f032f6, org.springframework.test.context.support.DirtiesContextBeforeModesTestExecutionListener@4d67cb43, org.springframework.test.context.support.DependencyInjectionTestExecutionListener@4a5c084f, org.springframework.test.context.support.DirtiesContextTestExecutionListener@69b8979f, org.springframework.test.context.transaction.TransactionalTestExecutionListener@7dcb7fdc, org.springframework.test.context.jdbc.SqlScriptsTestExecutionListener@e859ef5]
2017-03-19 20:13:25,037 [Test worker] INFO  org.springframework.test.context.support.DefaultTestContextBootstrapper - Loaded default TestExecutionListener class names from location [META-INF/spring.factories]: [org.springframework.test.context.web.ServletTestExecutionListener, org.springframework.test.context.support.DirtiesContextBeforeModesTestExecutionListener, org.springframework.test.context.support.DependencyInjectionTestExecutionListener, org.springframework.test.context.support.DirtiesContextTestExecutionListener, org.springframework.test.context.transaction.TransactionalTestExecutionListener, org.springframework.test.context.jdbc.SqlScriptsTestExecutionListener]
2017-03-19 20:13:25,038 [Test worker] INFO  org.springframework.test.context.support.DefaultTestContextBootstrapper - Using TestExecutionListeners: [org.springframework.test.context.web.ServletTestExecutionListener@6d0d9253, org.springframework.test.context.support.DirtiesContextBeforeModesTestExecutionListener@102b7421, org.springframework.test.context.support.DependencyInjectionTestExecutionListener@56f9cbc9, org.springframework.test.context.support.DirtiesContextTestExecutionListener@52b196d2, org.springframework.test.context.transaction.TransactionalTestExecutionListener@53af09dd, org.springframework.test.context.jdbc.SqlScriptsTestExecutionListener@18eee5f5]
2017-03-19 20:13:25,357 [Test worker] INFO  org.springframework.test.context.support.DefaultTestContextBootstrapper - Loaded default TestExecutionListener class names from location [META-INF/spring.factories]: [org.springframework.test.context.web.ServletTestExecutionListener, org.springframework.test.context.support.DirtiesContextBeforeModesTestExecutionListener, org.springframework.test.context.support.DependencyInjectionTestExecutionListener, org.springframework.test.context.support.DirtiesContextTestExecutionListener, org.springframework.test.context.transaction.TransactionalTestExecutionListener, org.springframework.test.context.jdbc.SqlScriptsTestExecutionListener]
2017-03-19 20:13:25,358 [Test worker] INFO  org.springframework.test.context.support.DefaultTestContextBootstrapper - Using TestExecutionListeners: [org.springframework.test.context.web.ServletTestExecutionListener@2d91c1d4, org.springframework.test.context.support.DirtiesContextBeforeModesTestExecutionListener@249d284e, org.springframework.test.context.support.DependencyInjectionTestExecutionListener@73843cd7, org.springframework.test.context.support.DirtiesContextTestExecutionListener@37ee3466, org.springframework.test.context.transaction.TransactionalTestExecutionListener@14d2dc2e, org.springframework.test.context.jdbc.SqlScriptsTestExecutionListener@59c059a2]
2017-03-19 20:13:25,536 [Test worker] INFO  org.springframework.test.context.support.DefaultTestContextBootstrapper - Loaded default TestExecutionListener class names from location [META-INF/spring.factories]: [org.springframework.test.context.web.ServletTestExecutionListener, org.springframework.test.context.support.DirtiesContextBeforeModesTestExecutionListener, org.springframework.test.context.support.DependencyInjectionTestExecutionListener, org.springframework.test.context.support.DirtiesContextTestExecutionListener, org.springframework.test.context.transaction.TransactionalTestExecutionListener, org.springframework.test.context.jdbc.SqlScriptsTestExecutionListener]
2017-03-19 20:13:25,537 [Test worker] INFO  org.springframework.test.context.support.DefaultTestContextBootstrapper - Using TestExecutionListeners: [org.springframework.test.context.web.ServletTestExecutionListener@1b353c68, org.springframework.test.context.support.DirtiesContextBeforeModesTestExecutionListener@747c0b23, org.springframework.test.context.support.DependencyInjectionTestExecutionListener@3d4c20ae, org.springframework.test.context.support.DirtiesContextTestExecutionListener@6e35de97, org.springframework.test.context.transaction.TransactionalTestExecutionListener@5cd16945, org.springframework.test.context.jdbc.SqlScriptsTestExecutionListener@48e044ef]
2017-03-19 20:13:25,775 [Thread-4] INFO  org.springframework.context.support.GenericApplicationContext - Closing org.springframework.context.support.GenericApplicationContext@52425f6f: startup date [Sun Mar 19 20:13:19 MSK 2017]; root of context hierarchy
2017-03-19 20:13:25,787 [Thread-4] INFO  org.springframework.orm.jpa.LocalContainerEntityManagerFactoryBean - Closing JPA EntityManagerFactory for persistence unit 'default'
2017-03-19 20:16:22,854 [Test worker] INFO  org.springframework.test.context.support.DefaultTestContextBootstrapper - Loaded default TestExecutionListener class names from location [META-INF/spring.factories]: [org.springframework.test.context.web.ServletTestExecutionListener, org.springframework.test.context.support.DirtiesContextBeforeModesTestExecutionListener, org.springframework.test.context.support.DependencyInjectionTestExecutionListener, org.springframework.test.context.support.DirtiesContextTestExecutionListener, org.springframework.test.context.transaction.TransactionalTestExecutionListener, org.springframework.test.context.jdbc.SqlScriptsTestExecutionListener]
2017-03-19 20:16:22,930 [Test worker] INFO  org.springframework.test.context.support.DefaultTestContextBootstrapper - Using TestExecutionListeners: [org.springframework.test.context.web.ServletTestExecutionListener@3242a4e9, org.springframework.test.context.support.DirtiesContextBeforeModesTestExecutionListener@646106ed, org.springframework.test.context.support.DependencyInjectionTestExecutionListener@34a98d16, org.springframework.test.context.support.DirtiesContextTestExecutionListener@73ce9664, org.springframework.test.context.transaction.TransactionalTestExecutionListener@548c0118, org.springframework.test.context.jdbc.SqlScriptsTestExecutionListener@38b6230a]
2017-03-19 20:16:23,087 [Test worker] INFO  org.springframework.beans.factory.xml.XmlBeanDefinitionReader - Loading XML bean definitions from class path resource [service-context-test.xml]
2017-03-19 20:16:23,818 [Test worker] INFO  org.springframework.context.support.GenericApplicationContext - Refreshing org.springframework.context.support.GenericApplicationContext@636e518f: startup date [Sun Mar 19 20:16:23 MSK 2017]; root of context hierarchy
2017-03-19 20:16:24,041 [Test worker] INFO  org.springframework.context.support.PropertySourcesPlaceholderConfigurer - Loading properties file from class path resource [testdatabase.properties]
2017-03-19 20:16:24,362 [Test worker] INFO  org.springframework.orm.jpa.LocalContainerEntityManagerFactoryBean - Building JPA container EntityManagerFactory for persistence unit 'default'
2017-03-19 20:16:24,405 [Test worker] INFO  org.hibernate.jpa.internal.util.LogHelper - HHH000204: Processing PersistenceUnitInfo [
	name: default
	...]
2017-03-19 20:16:24,563 [Test worker] INFO  org.hibernate.Version - HHH000412: Hibernate Core {4.3.11.Final}
2017-03-19 20:16:24,566 [Test worker] INFO  org.hibernate.cfg.Environment - HHH000206: hibernate.properties not found
2017-03-19 20:16:24,570 [Test worker] INFO  org.hibernate.cfg.Environment - HHH000021: Bytecode provider name : javassist
2017-03-19 20:16:24,945 [Test worker] INFO  org.hibernate.annotations.common.Version - HCANN000001: Hibernate Commons Annotations {4.0.5.Final}
2017-03-19 20:16:25,727 [Test worker] INFO  org.hibernate.dialect.Dialect - HHH000400: Using dialect: org.hibernate.dialect.PostgreSQL9Dialect
2017-03-19 20:16:25,747 [Test worker] INFO  org.hibernate.engine.jdbc.internal.LobCreatorBuilder - HHH000424: Disabling contextual LOB creation as createClob() method threw error : java.lang.reflect.InvocationTargetException
2017-03-19 20:16:26,017 [Test worker] INFO  org.hibernate.hql.internal.ast.ASTQueryTranslatorFactory - HHH000397: Using ASTQueryTranslatorFactory
2017-03-19 20:16:28,340 [Test worker] INFO  org.springframework.test.context.support.DefaultTestContextBootstrapper - Loaded default TestExecutionListener class names from location [META-INF/spring.factories]: [org.springframework.test.context.web.ServletTestExecutionListener, org.springframework.test.context.support.DirtiesContextBeforeModesTestExecutionListener, org.springframework.test.context.support.DependencyInjectionTestExecutionListener, org.springframework.test.context.support.DirtiesContextTestExecutionListener, org.springframework.test.context.transaction.TransactionalTestExecutionListener, org.springframework.test.context.jdbc.SqlScriptsTestExecutionListener]
2017-03-19 20:16:28,341 [Test worker] INFO  org.springframework.test.context.support.DefaultTestContextBootstrapper - Using TestExecutionListeners: [org.springframework.test.context.web.ServletTestExecutionListener@751ba3, org.springframework.test.context.support.DirtiesContextBeforeModesTestExecutionListener@ea6bd90, org.springframework.test.context.support.DependencyInjectionTestExecutionListener@2acdf029, org.springframework.test.context.support.DirtiesContextTestExecutionListener@e083ba8, org.springframework.test.context.transaction.TransactionalTestExecutionListener@268881c9, org.springframework.test.context.jdbc.SqlScriptsTestExecutionListener@1d79e2b5]
2017-03-19 20:16:28,514 [Test worker] INFO  org.springframework.test.context.support.DefaultTestContextBootstrapper - Loaded default TestExecutionListener class names from location [META-INF/spring.factories]: [org.springframework.test.context.web.ServletTestExecutionListener, org.springframework.test.context.support.DirtiesContextBeforeModesTestExecutionListener, org.springframework.test.context.support.DependencyInjectionTestExecutionListener, org.springframework.test.context.support.DirtiesContextTestExecutionListener, org.springframework.test.context.transaction.TransactionalTestExecutionListener, org.springframework.test.context.jdbc.SqlScriptsTestExecutionListener]
2017-03-19 20:16:28,515 [Test worker] INFO  org.springframework.test.context.support.DefaultTestContextBootstrapper - Using TestExecutionListeners: [org.springframework.test.context.web.ServletTestExecutionListener@427a8b58, org.springframework.test.context.support.DirtiesContextBeforeModesTestExecutionListener@68ee3599, org.springframework.test.context.support.DependencyInjectionTestExecutionListener@72a166ed, org.springframework.test.context.support.DirtiesContextTestExecutionListener@7b897d16, org.springframework.test.context.transaction.TransactionalTestExecutionListener@6d3f0974, org.springframework.test.context.jdbc.SqlScriptsTestExecutionListener@7464bbb7]
2017-03-19 20:16:28,821 [Test worker] INFO  org.springframework.test.context.support.DefaultTestContextBootstrapper - Loaded default TestExecutionListener class names from location [META-INF/spring.factories]: [org.springframework.test.context.web.ServletTestExecutionListener, org.springframework.test.context.support.DirtiesContextBeforeModesTestExecutionListener, org.springframework.test.context.support.DependencyInjectionTestExecutionListener, org.springframework.test.context.support.DirtiesContextTestExecutionListener, org.springframework.test.context.transaction.TransactionalTestExecutionListener, org.springframework.test.context.jdbc.SqlScriptsTestExecutionListener]
2017-03-19 20:16:28,822 [Test worker] INFO  org.springframework.test.context.support.DefaultTestContextBootstrapper - Using TestExecutionListeners: [org.springframework.test.context.web.ServletTestExecutionListener@2405aa12, org.springframework.test.context.support.DirtiesContextBeforeModesTestExecutionListener@25ca9760, org.springframework.test.context.support.DependencyInjectionTestExecutionListener@3d3f5606, org.springframework.test.context.support.DirtiesContextTestExecutionListener@33a7a8cb, org.springframework.test.context.transaction.TransactionalTestExecutionListener@3afbd197, org.springframework.test.context.jdbc.SqlScriptsTestExecutionListener@4b7b203f]
2017-03-19 20:16:28,912 [Test worker] INFO  org.springframework.test.context.support.DefaultTestContextBootstrapper - Loaded default TestExecutionListener class names from location [META-INF/spring.factories]: [org.springframework.test.context.web.ServletTestExecutionListener, org.springframework.test.context.support.DirtiesContextBeforeModesTestExecutionListener, org.springframework.test.context.support.DependencyInjectionTestExecutionListener, org.springframework.test.context.support.DirtiesContextTestExecutionListener, org.springframework.test.context.transaction.TransactionalTestExecutionListener, org.springframework.test.context.jdbc.SqlScriptsTestExecutionListener]
2017-03-19 20:16:28,913 [Test worker] INFO  org.springframework.test.context.support.DefaultTestContextBootstrapper - Using TestExecutionListeners: [org.springframework.test.context.web.ServletTestExecutionListener@3a3b2381, org.springframework.test.context.support.DirtiesContextBeforeModesTestExecutionListener@7fb83a6f, org.springframework.test.context.support.DependencyInjectionTestExecutionListener@1e8ae9cf, org.springframework.test.context.support.DirtiesContextTestExecutionListener@123d3c5b, org.springframework.test.context.transaction.TransactionalTestExecutionListener@717922b6, org.springframework.test.context.jdbc.SqlScriptsTestExecutionListener@4fac15b4]
2017-03-19 20:16:29,020 [Thread-4] INFO  org.springframework.context.support.GenericApplicationContext - Closing org.springframework.context.support.GenericApplicationContext@636e518f: startup date [Sun Mar 19 20:16:23 MSK 2017]; root of context hierarchy
2017-03-19 20:16:29,033 [Thread-4] INFO  org.springframework.orm.jpa.LocalContainerEntityManagerFactoryBean - Closing JPA EntityManagerFactory for persistence unit 'default'
2017-03-19 20:17:49,827 [Test worker] INFO  org.springframework.test.context.support.DefaultTestContextBootstrapper - Loaded default TestExecutionListener class names from location [META-INF/spring.factories]: [org.springframework.test.context.web.ServletTestExecutionListener, org.springframework.test.context.support.DirtiesContextBeforeModesTestExecutionListener, org.springframework.test.context.support.DependencyInjectionTestExecutionListener, org.springframework.test.context.support.DirtiesContextTestExecutionListener, org.springframework.test.context.transaction.TransactionalTestExecutionListener, org.springframework.test.context.jdbc.SqlScriptsTestExecutionListener]
2017-03-19 20:17:49,882 [Test worker] INFO  org.springframework.test.context.support.DefaultTestContextBootstrapper - Using TestExecutionListeners: [org.springframework.test.context.web.ServletTestExecutionListener@369b7a8e, org.springframework.test.context.support.DirtiesContextBeforeModesTestExecutionListener@63911f7, org.springframework.test.context.support.DependencyInjectionTestExecutionListener@3a35b351, org.springframework.test.context.support.DirtiesContextTestExecutionListener@2b05ff12, org.springframework.test.context.transaction.TransactionalTestExecutionListener@46a7aff6, org.springframework.test.context.jdbc.SqlScriptsTestExecutionListener@85fb87c]
2017-03-19 20:17:50,032 [Test worker] INFO  org.springframework.beans.factory.xml.XmlBeanDefinitionReader - Loading XML bean definitions from class path resource [service-context-test.xml]
2017-03-19 20:17:50,841 [Test worker] INFO  org.springframework.context.support.GenericApplicationContext - Refreshing org.springframework.context.support.GenericApplicationContext@26a80f41: startup date [Sun Mar 19 20:17:50 MSK 2017]; root of context hierarchy
2017-03-19 20:17:51,073 [Test worker] INFO  org.springframework.context.support.PropertySourcesPlaceholderConfigurer - Loading properties file from class path resource [testdatabase.properties]
2017-03-19 20:17:51,408 [Test worker] INFO  org.springframework.orm.jpa.LocalContainerEntityManagerFactoryBean - Building JPA container EntityManagerFactory for persistence unit 'default'
2017-03-19 20:17:51,451 [Test worker] INFO  org.hibernate.jpa.internal.util.LogHelper - HHH000204: Processing PersistenceUnitInfo [
	name: default
	...]
2017-03-19 20:17:51,611 [Test worker] INFO  org.hibernate.Version - HHH000412: Hibernate Core {4.3.11.Final}
2017-03-19 20:17:51,617 [Test worker] INFO  org.hibernate.cfg.Environment - HHH000206: hibernate.properties not found
2017-03-19 20:17:51,622 [Test worker] INFO  org.hibernate.cfg.Environment - HHH000021: Bytecode provider name : javassist
2017-03-19 20:17:52,019 [Test worker] INFO  org.hibernate.annotations.common.Version - HCANN000001: Hibernate Commons Annotations {4.0.5.Final}
2017-03-19 20:17:52,924 [Test worker] INFO  org.hibernate.dialect.Dialect - HHH000400: Using dialect: org.hibernate.dialect.PostgreSQL9Dialect
2017-03-19 20:17:52,962 [Test worker] INFO  org.hibernate.engine.jdbc.internal.LobCreatorBuilder - HHH000424: Disabling contextual LOB creation as createClob() method threw error : java.lang.reflect.InvocationTargetException
2017-03-19 20:17:53,268 [Test worker] INFO  org.hibernate.hql.internal.ast.ASTQueryTranslatorFactory - HHH000397: Using ASTQueryTranslatorFactory
2017-03-19 20:17:55,400 [Test worker] INFO  org.springframework.test.context.support.DefaultTestContextBootstrapper - Loaded default TestExecutionListener class names from location [META-INF/spring.factories]: [org.springframework.test.context.web.ServletTestExecutionListener, org.springframework.test.context.support.DirtiesContextBeforeModesTestExecutionListener, org.springframework.test.context.support.DependencyInjectionTestExecutionListener, org.springframework.test.context.support.DirtiesContextTestExecutionListener, org.springframework.test.context.transaction.TransactionalTestExecutionListener, org.springframework.test.context.jdbc.SqlScriptsTestExecutionListener]
2017-03-19 20:17:55,402 [Test worker] INFO  org.springframework.test.context.support.DefaultTestContextBootstrapper - Using TestExecutionListeners: [org.springframework.test.context.web.ServletTestExecutionListener@5420c21f, org.springframework.test.context.support.DirtiesContextBeforeModesTestExecutionListener@54b0854e, org.springframework.test.context.support.DependencyInjectionTestExecutionListener@53265677, org.springframework.test.context.support.DirtiesContextTestExecutionListener@3af18940, org.springframework.test.context.transaction.TransactionalTestExecutionListener@6893943b, org.springframework.test.context.jdbc.SqlScriptsTestExecutionListener@38d9e692]
2017-03-19 20:17:55,584 [Test worker] INFO  org.springframework.test.context.support.DefaultTestContextBootstrapper - Loaded default TestExecutionListener class names from location [META-INF/spring.factories]: [org.springframework.test.context.web.ServletTestExecutionListener, org.springframework.test.context.support.DirtiesContextBeforeModesTestExecutionListener, org.springframework.test.context.support.DependencyInjectionTestExecutionListener, org.springframework.test.context.support.DirtiesContextTestExecutionListener, org.springframework.test.context.transaction.TransactionalTestExecutionListener, org.springframework.test.context.jdbc.SqlScriptsTestExecutionListener]
2017-03-19 20:17:55,586 [Test worker] INFO  org.springframework.test.context.support.DefaultTestContextBootstrapper - Using TestExecutionListeners: [org.springframework.test.context.web.ServletTestExecutionListener@1f29432f, org.springframework.test.context.support.DirtiesContextBeforeModesTestExecutionListener@6b7d7acb, org.springframework.test.context.support.DependencyInjectionTestExecutionListener@3205890c, org.springframework.test.context.support.DirtiesContextTestExecutionListener@4655d34f, org.springframework.test.context.transaction.TransactionalTestExecutionListener@1330d091, org.springframework.test.context.jdbc.SqlScriptsTestExecutionListener@139b5b1e]
2017-03-19 20:17:55,911 [Test worker] INFO  org.springframework.test.context.support.DefaultTestContextBootstrapper - Loaded default TestExecutionListener class names from location [META-INF/spring.factories]: [org.springframework.test.context.web.ServletTestExecutionListener, org.springframework.test.context.support.DirtiesContextBeforeModesTestExecutionListener, org.springframework.test.context.support.DependencyInjectionTestExecutionListener, org.springframework.test.context.support.DirtiesContextTestExecutionListener, org.springframework.test.context.transaction.TransactionalTestExecutionListener, org.springframework.test.context.jdbc.SqlScriptsTestExecutionListener]
2017-03-19 20:17:55,912 [Test worker] INFO  org.springframework.test.context.support.DefaultTestContextBootstrapper - Using TestExecutionListeners: [org.springframework.test.context.web.ServletTestExecutionListener@155ae22d, org.springframework.test.context.support.DirtiesContextBeforeModesTestExecutionListener@5ea13ce, org.springframework.test.context.support.DependencyInjectionTestExecutionListener@39d2e42c, org.springframework.test.context.support.DirtiesContextTestExecutionListener@582efee5, org.springframework.test.context.transaction.TransactionalTestExecutionListener@1a272447, org.springframework.test.context.jdbc.SqlScriptsTestExecutionListener@4f0620ae]
2017-03-19 20:17:56,063 [Thread-4] INFO  org.springframework.context.support.GenericApplicationContext - Closing org.springframework.context.support.GenericApplicationContext@26a80f41: startup date [Sun Mar 19 20:17:50 MSK 2017]; root of context hierarchy
2017-03-19 20:17:56,075 [Thread-4] INFO  org.springframework.orm.jpa.LocalContainerEntityManagerFactoryBean - Closing JPA EntityManagerFactory for persistence unit 'default'
2017-03-19 20:19:46,923 [Test worker] INFO  org.springframework.test.context.support.DefaultTestContextBootstrapper - Loaded default TestExecutionListener class names from location [META-INF/spring.factories]: [org.springframework.test.context.web.ServletTestExecutionListener, org.springframework.test.context.support.DirtiesContextBeforeModesTestExecutionListener, org.springframework.test.context.support.DependencyInjectionTestExecutionListener, org.springframework.test.context.support.DirtiesContextTestExecutionListener, org.springframework.test.context.transaction.TransactionalTestExecutionListener, org.springframework.test.context.jdbc.SqlScriptsTestExecutionListener]
2017-03-19 20:19:46,987 [Test worker] INFO  org.springframework.test.context.support.DefaultTestContextBootstrapper - Using TestExecutionListeners: [org.springframework.test.context.web.ServletTestExecutionListener@3242a4e9, org.springframework.test.context.support.DirtiesContextBeforeModesTestExecutionListener@646106ed, org.springframework.test.context.support.DependencyInjectionTestExecutionListener@34a98d16, org.springframework.test.context.support.DirtiesContextTestExecutionListener@73ce9664, org.springframework.test.context.transaction.TransactionalTestExecutionListener@548c0118, org.springframework.test.context.jdbc.SqlScriptsTestExecutionListener@38b6230a]
2017-03-19 20:19:47,184 [Test worker] INFO  org.springframework.beans.factory.xml.XmlBeanDefinitionReader - Loading XML bean definitions from class path resource [service-context-test.xml]
2017-03-19 20:19:47,889 [Test worker] INFO  org.springframework.context.support.GenericApplicationContext - Refreshing org.springframework.context.support.GenericApplicationContext@636e518f: startup date [Sun Mar 19 20:19:47 MSK 2017]; root of context hierarchy
2017-03-19 20:19:48,104 [Test worker] INFO  org.springframework.context.support.PropertySourcesPlaceholderConfigurer - Loading properties file from class path resource [testdatabase.properties]
2017-03-19 20:19:48,426 [Test worker] INFO  org.springframework.orm.jpa.LocalContainerEntityManagerFactoryBean - Building JPA container EntityManagerFactory for persistence unit 'default'
2017-03-19 20:19:48,468 [Test worker] INFO  org.hibernate.jpa.internal.util.LogHelper - HHH000204: Processing PersistenceUnitInfo [
	name: default
	...]
2017-03-19 20:19:48,622 [Test worker] INFO  org.hibernate.Version - HHH000412: Hibernate Core {4.3.11.Final}
2017-03-19 20:19:48,625 [Test worker] INFO  org.hibernate.cfg.Environment - HHH000206: hibernate.properties not found
2017-03-19 20:19:48,628 [Test worker] INFO  org.hibernate.cfg.Environment - HHH000021: Bytecode provider name : javassist
2017-03-19 20:19:49,021 [Test worker] INFO  org.hibernate.annotations.common.Version - HCANN000001: Hibernate Commons Annotations {4.0.5.Final}
2017-03-19 20:19:49,858 [Test worker] INFO  org.hibernate.dialect.Dialect - HHH000400: Using dialect: org.hibernate.dialect.PostgreSQL9Dialect
2017-03-19 20:19:49,881 [Test worker] INFO  org.hibernate.engine.jdbc.internal.LobCreatorBuilder - HHH000424: Disabling contextual LOB creation as createClob() method threw error : java.lang.reflect.InvocationTargetException
2017-03-19 20:19:50,204 [Test worker] INFO  org.hibernate.hql.internal.ast.ASTQueryTranslatorFactory - HHH000397: Using ASTQueryTranslatorFactory
2017-03-19 20:19:52,497 [Test worker] INFO  org.springframework.test.context.support.DefaultTestContextBootstrapper - Loaded default TestExecutionListener class names from location [META-INF/spring.factories]: [org.springframework.test.context.web.ServletTestExecutionListener, org.springframework.test.context.support.DirtiesContextBeforeModesTestExecutionListener, org.springframework.test.context.support.DependencyInjectionTestExecutionListener, org.springframework.test.context.support.DirtiesContextTestExecutionListener, org.springframework.test.context.transaction.TransactionalTestExecutionListener, org.springframework.test.context.jdbc.SqlScriptsTestExecutionListener]
2017-03-19 20:19:52,498 [Test worker] INFO  org.springframework.test.context.support.DefaultTestContextBootstrapper - Using TestExecutionListeners: [org.springframework.test.context.web.ServletTestExecutionListener@ea6bd90, org.springframework.test.context.support.DirtiesContextBeforeModesTestExecutionListener@2acdf029, org.springframework.test.context.support.DependencyInjectionTestExecutionListener@e083ba8, org.springframework.test.context.support.DirtiesContextTestExecutionListener@268881c9, org.springframework.test.context.transaction.TransactionalTestExecutionListener@1d79e2b5, org.springframework.test.context.jdbc.SqlScriptsTestExecutionListener@5870158b]
2017-03-19 20:19:52,689 [Test worker] INFO  org.springframework.test.context.support.DefaultTestContextBootstrapper - Loaded default TestExecutionListener class names from location [META-INF/spring.factories]: [org.springframework.test.context.web.ServletTestExecutionListener, org.springframework.test.context.support.DirtiesContextBeforeModesTestExecutionListener, org.springframework.test.context.support.DependencyInjectionTestExecutionListener, org.springframework.test.context.support.DirtiesContextTestExecutionListener, org.springframework.test.context.transaction.TransactionalTestExecutionListener, org.springframework.test.context.jdbc.SqlScriptsTestExecutionListener]
2017-03-19 20:19:52,690 [Test worker] INFO  org.springframework.test.context.support.DefaultTestContextBootstrapper - Using TestExecutionListeners: [org.springframework.test.context.web.ServletTestExecutionListener@68ee3599, org.springframework.test.context.support.DirtiesContextBeforeModesTestExecutionListener@72a166ed, org.springframework.test.context.support.DependencyInjectionTestExecutionListener@7b897d16, org.springframework.test.context.support.DirtiesContextTestExecutionListener@6d3f0974, org.springframework.test.context.transaction.TransactionalTestExecutionListener@7464bbb7, org.springframework.test.context.jdbc.SqlScriptsTestExecutionListener@d8b2dd8]
2017-03-19 20:19:53,014 [Test worker] INFO  org.springframework.test.context.support.DefaultTestContextBootstrapper - Loaded default TestExecutionListener class names from location [META-INF/spring.factories]: [org.springframework.test.context.web.ServletTestExecutionListener, org.springframework.test.context.support.DirtiesContextBeforeModesTestExecutionListener, org.springframework.test.context.support.DependencyInjectionTestExecutionListener, org.springframework.test.context.support.DirtiesContextTestExecutionListener, org.springframework.test.context.transaction.TransactionalTestExecutionListener, org.springframework.test.context.jdbc.SqlScriptsTestExecutionListener]
2017-03-19 20:19:53,015 [Test worker] INFO  org.springframework.test.context.support.DefaultTestContextBootstrapper - Using TestExecutionListeners: [org.springframework.test.context.web.ServletTestExecutionListener@25ca9760, org.springframework.test.context.support.DirtiesContextBeforeModesTestExecutionListener@3d3f5606, org.springframework.test.context.support.DependencyInjectionTestExecutionListener@33a7a8cb, org.springframework.test.context.support.DirtiesContextTestExecutionListener@3afbd197, org.springframework.test.context.transaction.TransactionalTestExecutionListener@4b7b203f, org.springframework.test.context.jdbc.SqlScriptsTestExecutionListener@cb3c030]
2017-03-19 20:19:53,104 [Test worker] INFO  org.springframework.test.context.support.DefaultTestContextBootstrapper - Loaded default TestExecutionListener class names from location [META-INF/spring.factories]: [org.springframework.test.context.web.ServletTestExecutionListener, org.springframework.test.context.support.DirtiesContextBeforeModesTestExecutionListener, org.springframework.test.context.support.DependencyInjectionTestExecutionListener, org.springframework.test.context.support.DirtiesContextTestExecutionListener, org.springframework.test.context.transaction.TransactionalTestExecutionListener, org.springframework.test.context.jdbc.SqlScriptsTestExecutionListener]
2017-03-19 20:19:53,105 [Test worker] INFO  org.springframework.test.context.support.DefaultTestContextBootstrapper - Using TestExecutionListeners: [org.springframework.test.context.web.ServletTestExecutionListener@7fb83a6f, org.springframework.test.context.support.DirtiesContextBeforeModesTestExecutionListener@1e8ae9cf, org.springframework.test.context.support.DependencyInjectionTestExecutionListener@123d3c5b, org.springframework.test.context.support.DirtiesContextTestExecutionListener@717922b6, org.springframework.test.context.transaction.TransactionalTestExecutionListener@4fac15b4, org.springframework.test.context.jdbc.SqlScriptsTestExecutionListener@621491f]
2017-03-19 20:19:53,121 [Thread-4] INFO  org.springframework.context.support.GenericApplicationContext - Closing org.springframework.context.support.GenericApplicationContext@636e518f: startup date [Sun Mar 19 20:19:47 MSK 2017]; root of context hierarchy
2017-03-19 20:19:53,131 [Thread-4] INFO  org.springframework.orm.jpa.LocalContainerEntityManagerFactoryBean - Closing JPA EntityManagerFactory for persistence unit 'default'
